Build started 12/22/2015 7:24:42 AM.
     1>Project "D:\SaltonSea\Code\EvaporationTank_Control_01.24\EvaporationTank_Control_01\EvaporationTank_Control_01.vcxproj" on node 2 (rebuild target(s)).
     1>_PrepareForClean:
         Deleting file "Debug\EvaporationTank_Control_01.lastbuildstate".
       InitializeBuildStatus:
         Creating "Debug\EvaporationTank_Control_01.unsuccessfulbuild" because "AlwaysCreate" was specified.
       ClCompile:
         D:\Program Files\Microsoft Visual Studio 10.0\VC\bin\CL.exe /c /ZI /nologo /W3 /WX- /Od /Oy- /D WIN32 /D _DEBUG /D _WINDOWS /D _UNICODE /D UNICODE /Gm /EHsc /RTC1 /MDd /GS /fp:precise /Zc:wchar_t /Zc:forScope /Yc"StdAfx.h" /Fp"Debug\EvaporationTank_Control_01.pch" /Fo"Debug\\" /Fd"Debug\vc100.pdb" /Gd /TP /analyze- /errorReport:prompt stdafx.cpp
         stdafx.cpp
         D:\Program Files\Microsoft Visual Studio 10.0\VC\bin\CL.exe /c /ZI /nologo /W3 /WX- /Od /Oy- /D WIN32 /D _DEBUG /D _WINDOWS /D _UNICODE /D UNICODE /Gm /EHsc /RTC1 /MDd /GS /fp:precise /Zc:wchar_t /Zc:forScope /Yu"StdAfx.h" /Fp"Debug\EvaporationTank_Control_01.pch" /Fo"Debug\\" /Fd"Debug\vc100.pdb" /Gd /TP /analyze- /errorReport:prompt AnalogInput.cpp AnalogOutput.cpp AnalogSensor.cpp BinaryInput.cpp BinaryOutput.cpp BinarySensor.cpp DaqDevice.cpp DaqRoutines.cpp DBK15.cpp DBK23.cpp DBK5.cpp DistillateSupplyTank.cpp EvaporationTankA.cpp EvaporationTankB.cpp EvaporationTank_Control_01.cpp LevelSensor.cpp LevelSwitch.cpp LiquidTank.cpp LogData.cpp LogFileOutput.cpp MathUtilities.cpp MeteringPump.cpp ProcessErrors.cpp ProgramException.cpp ProgramExceptions.cpp PumpLogFileOutput.cpp Pyranometer.cpp Sensor.cpp SystemTime.cpp TankFillLogFileOutput.cpp TemperatureProbe.cpp
         TemperatureProbe.cpp
         TankFillLogFileOutput.cpp
     1>d:\saltonsea\code\evaporationtank_control_01.24\evaporationtank_control_01\tankfilllogfileoutput.cpp(49): warning C4996: 'strcpy': This function or variable may be unsafe. Consider using strcpy_s instead. To disable deprecation, use _CRT_SECURE_NO_WARNINGS. See online help for details.
                 d:\program files\microsoft visual studio 10.0\vc\include\string.h(105) : see declaration of 'strcpy'
     1>d:\saltonsea\code\evaporationtank_control_01.24\evaporationtank_control_01\tankfilllogfileoutput.cpp(63): warning C4996: 'strcpy': This function or variable may be unsafe. Consider using strcpy_s instead. To disable deprecation, use _CRT_SECURE_NO_WARNINGS. See online help for details.
                 d:\program files\microsoft visual studio 10.0\vc\include\string.h(105) : see declaration of 'strcpy'
     1>d:\saltonsea\code\evaporationtank_control_01.24\evaporationtank_control_01\tankfilllogfileoutput.cpp(77): warning C4996: 'strcpy': This function or variable may be unsafe. Consider using strcpy_s instead. To disable deprecation, use _CRT_SECURE_NO_WARNINGS. See online help for details.
                 d:\program files\microsoft visual studio 10.0\vc\include\string.h(105) : see declaration of 'strcpy'
     1>d:\saltonsea\code\evaporationtank_control_01.24\evaporationtank_control_01\tankfilllogfileoutput.cpp(91): warning C4996: 'strcpy': This function or variable may be unsafe. Consider using strcpy_s instead. To disable deprecation, use _CRT_SECURE_NO_WARNINGS. See online help for details.
                 d:\program files\microsoft visual studio 10.0\vc\include\string.h(105) : see declaration of 'strcpy'
     1>d:\saltonsea\code\evaporationtank_control_01.24\evaporationtank_control_01\tankfilllogfileoutput.cpp(105): warning C4996: 'strcpy': This function or variable may be unsafe. Consider using strcpy_s instead. To disable deprecation, use _CRT_SECURE_NO_WARNINGS. See online help for details.
                 d:\program files\microsoft visual studio 10.0\vc\include\string.h(105) : see declaration of 'strcpy'
     1>d:\saltonsea\code\evaporationtank_control_01.24\evaporationtank_control_01\tankfilllogfileoutput.cpp(121): warning C4996: 'strcpy': This function or variable may be unsafe. Consider using strcpy_s instead. To disable deprecation, use _CRT_SECURE_NO_WARNINGS. See online help for details.
                 d:\program files\microsoft visual studio 10.0\vc\include\string.h(105) : see declaration of 'strcpy'
     1>d:\saltonsea\code\evaporationtank_control_01.24\evaporationtank_control_01\tankfilllogfileoutput.cpp(138): warning C4996: 'strcpy': This function or variable may be unsafe. Consider using strcpy_s instead. To disable deprecation, use _CRT_SECURE_NO_WARNINGS. See online help for details.
                 d:\program files\microsoft visual studio 10.0\vc\include\string.h(105) : see declaration of 'strcpy'
     1>d:\saltonsea\code\evaporationtank_control_01.24\evaporationtank_control_01\tankfilllogfileoutput.cpp(155): warning C4996: 'strcpy': This function or variable may be unsafe. Consider using strcpy_s instead. To disable deprecation, use _CRT_SECURE_NO_WARNINGS. See online help for details.
                 d:\program files\microsoft visual studio 10.0\vc\include\string.h(105) : see declaration of 'strcpy'
     1>d:\saltonsea\code\evaporationtank_control_01.24\evaporationtank_control_01\tankfilllogfileoutput.cpp(158): warning C4996: 'strcpy': This function or variable may be unsafe. Consider using strcpy_s instead. To disable deprecation, use _CRT_SECURE_NO_WARNINGS. See online help for details.
                 d:\program files\microsoft visual studio 10.0\vc\include\string.h(105) : see declaration of 'strcpy'
         SystemTime.cpp
         Sensor.cpp
         Pyranometer.cpp
         PumpLogFileOutput.cpp
     1>d:\saltonsea\code\evaporationtank_control_01.24\evaporationtank_control_01\pumplogfileoutput.cpp(49): warning C4996: 'strcpy': This function or variable may be unsafe. Consider using strcpy_s instead. To disable deprecation, use _CRT_SECURE_NO_WARNINGS. See online help for details.
                 d:\program files\microsoft visual studio 10.0\vc\include\string.h(105) : see declaration of 'strcpy'
     1>d:\saltonsea\code\evaporationtank_control_01.24\evaporationtank_control_01\pumplogfileoutput.cpp(63): warning C4996: 'strcpy': This function or variable may be unsafe. Consider using strcpy_s instead. To disable deprecation, use _CRT_SECURE_NO_WARNINGS. See online help for details.
                 d:\program files\microsoft visual studio 10.0\vc\include\string.h(105) : see declaration of 'strcpy'
     1>d:\saltonsea\code\evaporationtank_control_01.24\evaporationtank_control_01\pumplogfileoutput.cpp(77): warning C4996: 'strcpy': This function or variable may be unsafe. Consider using strcpy_s instead. To disable deprecation, use _CRT_SECURE_NO_WARNINGS. See online help for details.
                 d:\program files\microsoft visual studio 10.0\vc\include\string.h(105) : see declaration of 'strcpy'
     1>d:\saltonsea\code\evaporationtank_control_01.24\evaporationtank_control_01\pumplogfileoutput.cpp(91): warning C4996: 'strcpy': This function or variable may be unsafe. Consider using strcpy_s instead. To disable deprecation, use _CRT_SECURE_NO_WARNINGS. See online help for details.
                 d:\program files\microsoft visual studio 10.0\vc\include\string.h(105) : see declaration of 'strcpy'
     1>d:\saltonsea\code\evaporationtank_control_01.24\evaporationtank_control_01\pumplogfileoutput.cpp(105): warning C4996: 'strcpy': This function or variable may be unsafe. Consider using strcpy_s instead. To disable deprecation, use _CRT_SECURE_NO_WARNINGS. See online help for details.
                 d:\program files\microsoft visual studio 10.0\vc\include\string.h(105) : see declaration of 'strcpy'
     1>d:\saltonsea\code\evaporationtank_control_01.24\evaporationtank_control_01\pumplogfileoutput.cpp(121): warning C4996: 'strcpy': This function or variable may be unsafe. Consider using strcpy_s instead. To disable deprecation, use _CRT_SECURE_NO_WARNINGS. See online help for details.
                 d:\program files\microsoft visual studio 10.0\vc\include\string.h(105) : see declaration of 'strcpy'
     1>d:\saltonsea\code\evaporationtank_control_01.24\evaporationtank_control_01\pumplogfileoutput.cpp(138): warning C4996: 'strcpy': This function or variable may be unsafe. Consider using strcpy_s instead. To disable deprecation, use _CRT_SECURE_NO_WARNINGS. See online help for details.
                 d:\program files\microsoft visual studio 10.0\vc\include\string.h(105) : see declaration of 'strcpy'
     1>d:\saltonsea\code\evaporationtank_control_01.24\evaporationtank_control_01\pumplogfileoutput.cpp(155): warning C4996: 'strcpy': This function or variable may be unsafe. Consider using strcpy_s instead. To disable deprecation, use _CRT_SECURE_NO_WARNINGS. See online help for details.
                 d:\program files\microsoft visual studio 10.0\vc\include\string.h(105) : see declaration of 'strcpy'
     1>d:\saltonsea\code\evaporationtank_control_01.24\evaporationtank_control_01\pumplogfileoutput.cpp(158): warning C4996: 'strcpy': This function or variable may be unsafe. Consider using strcpy_s instead. To disable deprecation, use _CRT_SECURE_NO_WARNINGS. See online help for details.
                 d:\program files\microsoft visual studio 10.0\vc\include\string.h(105) : see declaration of 'strcpy'
         ProgramExceptions.cpp
         ProgramException.cpp
         ProcessErrors.cpp
         MeteringPump.cpp
         MathUtilities.cpp
         LogFileOutput.cpp
     1>d:\saltonsea\code\evaporationtank_control_01.24\evaporationtank_control_01\logfileoutput.cpp(139): warning C4996: 'strcpy': This function or variable may be unsafe. Consider using strcpy_s instead. To disable deprecation, use _CRT_SECURE_NO_WARNINGS. See online help for details.
                 d:\program files\microsoft visual studio 10.0\vc\include\string.h(105) : see declaration of 'strcpy'
         LogData.cpp
         LiquidTank.cpp
         LevelSwitch.cpp
         LevelSensor.cpp
         EvaporationTank_Control_01.cpp
         EvaporationTankB.cpp
         EvaporationTankA.cpp
         DistillateSupplyTank.cpp
         Generating Code...
         Compiling...
         DBK5.cpp
         DBK23.cpp
         DBK15.cpp
         DaqRoutines.cpp
         DaqDevice.cpp
         BinarySensor.cpp
         BinaryOutput.cpp
         BinaryInput.cpp
         AnalogSensor.cpp
         AnalogOutput.cpp
         AnalogInput.cpp
         Generating Code...
       ResourceCompile:
         C:\Program Files\Microsoft SDKs\Windows\v7.0A\bin\rc.exe /D _UNICODE /D UNICODE /l"0x0409" /nologo /fo"Debug\EvaporationTank_Control_01.res" EvaporationTank_Control_01.rc 
       ManifestResourceCompile:
         C:\Program Files\Microsoft SDKs\Windows\v7.0A\bin\rc.exe /nologo /fo"Debug\EvaporationTank_Control_01.exe.embed.manifest.res" Debug\EvaporationTank_Control_01_manifest.rc 
       Link:
         D:\Program Files\Microsoft Visual Studio 10.0\VC\bin\link.exe /ERRORREPORT:PROMPT /OUT:"D:\SaltonSea\Code\EvaporationTank_Control_01.24\Debug\EvaporationTank_Control_01.exe" /INCREMENTAL /NOLOGO winmm.lib opengl32.lib glu32.lib glaux.lib DaqX.lib kernel32.lib user32.lib gdi32.lib winspool.lib comdlg32.lib advapi32.lib shell32.lib ole32.lib oleaut32.lib uuid.lib odbc32.lib odbccp32.lib /MANIFEST /ManifestFile:"Debug\EvaporationTank_Control_01.exe.intermediate.manifest" /MANIFESTUAC:"level='asInvoker' uiAccess='false'" /DEBUG /PDB:"D:\SaltonSea\Code\EvaporationTank_Control_01.24\Debug\EvaporationTank_Control_01.pdb" /SUBSYSTEM:WINDOWS /TLBID:1 /DYNAMICBASE /NXCOMPAT /IMPLIB:"D:\SaltonSea\Code\EvaporationTank_Control_01.24\Debug\EvaporationTank_Control_01.lib" /MACHINE:X86 Debug\EvaporationTank_Control_01.res
         Debug\EvaporationTank_Control_01.exe.embed.manifest.res
         Debug\AnalogInput.obj
         Debug\AnalogOutput.obj
         Debug\AnalogSensor.obj
         Debug\BinaryInput.obj
         Debug\BinaryOutput.obj
         Debug\BinarySensor.obj
         Debug\DaqDevice.obj
         Debug\DaqRoutines.obj
         Debug\DBK15.obj
         Debug\DBK23.obj
         Debug\DBK5.obj
         Debug\DistillateSupplyTank.obj
         Debug\EvaporationTankA.obj
         Debug\EvaporationTankB.obj
         Debug\EvaporationTank_Control_01.obj
         Debug\LevelSensor.obj
         Debug\LevelSwitch.obj
         Debug\LiquidTank.obj
         Debug\LogData.obj
         Debug\LogFileOutput.obj
         Debug\MathUtilities.obj
         Debug\MeteringPump.obj
         Debug\ProcessErrors.obj
         Debug\ProgramException.obj
         Debug\ProgramExceptions.obj
         Debug\PumpLogFileOutput.obj
         Debug\Pyranometer.obj
         Debug\Sensor.obj
         Debug\stdafx.obj
         Debug\SystemTime.obj
         Debug\TankFillLogFileOutput.obj
         Debug\TemperatureProbe.obj
         LIB\DAQX.lib
       Manifest:
         Deleting file "Debug\EvaporationTank_Control_01.exe.embed.manifest".
         C:\Program Files\Microsoft SDKs\Windows\v7.0A\bin\mt.exe /nologo /verbose /out:"Debug\EvaporationTank_Control_01.exe.embed.manifest" /manifest Debug\EvaporationTank_Control_01.exe.intermediate.manifest
         C:\Program Files\Microsoft SDKs\Windows\v7.0A\bin\rc.exe /nologo /fo"Debug\EvaporationTank_Control_01.exe.embed.manifest.res" Debug\EvaporationTank_Control_01_manifest.rc 
       LinkEmbedManifest:
         D:\Program Files\Microsoft Visual Studio 10.0\VC\bin\link.exe /ERRORREPORT:PROMPT /OUT:"D:\SaltonSea\Code\EvaporationTank_Control_01.24\Debug\EvaporationTank_Control_01.exe" /INCREMENTAL /NOLOGO winmm.lib opengl32.lib glu32.lib glaux.lib DaqX.lib kernel32.lib user32.lib gdi32.lib winspool.lib comdlg32.lib advapi32.lib shell32.lib ole32.lib oleaut32.lib uuid.lib odbc32.lib odbccp32.lib /MANIFEST /ManifestFile:"Debug\EvaporationTank_Control_01.exe.intermediate.manifest" /MANIFESTUAC:"level='asInvoker' uiAccess='false'" /DEBUG /PDB:"D:\SaltonSea\Code\EvaporationTank_Control_01.24\Debug\EvaporationTank_Control_01.pdb" /SUBSYSTEM:WINDOWS /TLBID:1 /DYNAMICBASE /NXCOMPAT /IMPLIB:"D:\SaltonSea\Code\EvaporationTank_Control_01.24\Debug\EvaporationTank_Control_01.lib" /MACHINE:X86 Debug\EvaporationTank_Control_01.res
         Debug\EvaporationTank_Control_01.exe.embed.manifest.res
         Debug\AnalogInput.obj
         Debug\AnalogOutput.obj
         Debug\AnalogSensor.obj
         Debug\BinaryInput.obj
         Debug\BinaryOutput.obj
         Debug\BinarySensor.obj
         Debug\DaqDevice.obj
         Debug\DaqRoutines.obj
         Debug\DBK15.obj
         Debug\DBK23.obj
         Debug\DBK5.obj
         Debug\DistillateSupplyTank.obj
         Debug\EvaporationTankA.obj
         Debug\EvaporationTankB.obj
         Debug\EvaporationTank_Control_01.obj
         Debug\LevelSensor.obj
         Debug\LevelSwitch.obj
         Debug\LiquidTank.obj
         Debug\LogData.obj
         Debug\LogFileOutput.obj
         Debug\MathUtilities.obj
         Debug\MeteringPump.obj
         Debug\ProcessErrors.obj
         Debug\ProgramException.obj
         Debug\ProgramExceptions.obj
         Debug\PumpLogFileOutput.obj
         Debug\Pyranometer.obj
         Debug\Sensor.obj
         Debug\stdafx.obj
         Debug\SystemTime.obj
         Debug\TankFillLogFileOutput.obj
         Debug\TemperatureProbe.obj
         LIB\DAQX.lib
         EvaporationTank_Control_01.vcxproj -> D:\SaltonSea\Code\EvaporationTank_Control_01.24\Debug\EvaporationTank_Control_01.exe
       FinalizeBuildStatus:
         Deleting file "Debug\EvaporationTank_Control_01.unsuccessfulbuild".
         Touching "Debug\EvaporationTank_Control_01.lastbuildstate".
     1>Done Building Project "D:\SaltonSea\Code\EvaporationTank_Control_01.24\EvaporationTank_Control_01\EvaporationTank_Control_01.vcxproj" (rebuild target(s)).

Build succeeded.

Time Elapsed 00:00:59.90
