D:\SALTONSEA\CODE\EVAPORATIONTANK_CONTROL_01.20\DEBUG\EVAPORATIONTANK_CONTROL_01.EXE
D:\SALTONSEA\CODE\EVAPORATIONTANK_CONTROL_01.20\DEBUG\EVAPORATIONTANK_CONTROL_01.ILK
D:\SALTONSEA\CODE\EVAPORATIONTANK_CONTROL_01.20\DEBUG\EVAPORATIONTANK_CONTROL_01.PDB
D:\SALTONSEA\CODE\EVAPORATIONTANK_CONTROL_01.20\EVAPORATIONTANK_CONTROL_01\DEBUG\ANALOGINPUT.OBJ
D:\SALTONSEA\CODE\EVAPORATIONTANK_CONTROL_01.20\EVAPORATIONTANK_CONTROL_01\DEBUG\ANALOGOUTPUT.OBJ
D:\SALTONSEA\CODE\EVAPORATIONTANK_CONTROL_01.20\EVAPORATIONTANK_CONTROL_01\DEBUG\ANALOGSENSOR.OBJ
D:\SALTONSEA\CODE\EVAPORATIONTANK_CONTROL_01.20\EVAPORATIONTANK_CONTROL_01\DEBUG\BINARYINPUT.OBJ
D:\SALTONSEA\CODE\EVAPORATIONTANK_CONTROL_01.20\EVAPORATIONTANK_CONTROL_01\DEBUG\BINARYOUTPUT.OBJ
D:\SALTONSEA\CODE\EVAPORATIONTANK_CONTROL_01.20\EVAPORATIONTANK_CONTROL_01\DEBUG\BINARYSENSOR.OBJ
D:\SALTONSEA\CODE\EVAPORATIONTANK_CONTROL_01.20\EVAPORATIONTANK_CONTROL_01\DEBUG\DAQDEVICE.OBJ
D:\SALTONSEA\CODE\EVAPORATIONTANK_CONTROL_01.20\EVAPORATIONTANK_CONTROL_01\DEBUG\DAQROUTINES.OBJ
D:\SALTONSEA\CODE\EVAPORATIONTANK_CONTROL_01.20\EVAPORATIONTANK_CONTROL_01\DEBUG\DBK15.OBJ
D:\SALTONSEA\CODE\EVAPORATIONTANK_CONTROL_01.20\EVAPORATIONTANK_CONTROL_01\DEBUG\DBK23.OBJ
D:\SALTONSEA\CODE\EVAPORATIONTANK_CONTROL_01.20\EVAPORATIONTANK_CONTROL_01\DEBUG\DBK5.OBJ
D:\SALTONSEA\CODE\EVAPORATIONTANK_CONTROL_01.20\EVAPORATIONTANK_CONTROL_01\DEBUG\DISTILLATESUPPLYTANK.OBJ
D:\SALTONSEA\CODE\EVAPORATIONTANK_CONTROL_01.20\EVAPORATIONTANK_CONTROL_01\DEBUG\EVAPORATIONTANK_CONTROL_01.EXE.EMBED.MANIFEST
D:\SALTONSEA\CODE\EVAPORATIONTANK_CONTROL_01.20\EVAPORATIONTANK_CONTROL_01\DEBUG\EVAPORATIONTANK_CONTROL_01.EXE.EMBED.MANIFEST.RES
D:\SALTONSEA\CODE\EVAPORATIONTANK_CONTROL_01.20\EVAPORATIONTANK_CONTROL_01\DEBUG\EVAPORATIONTANK_CONTROL_01.EXE.INTERMEDIATE.MANIFEST
D:\SALTONSEA\CODE\EVAPORATIONTANK_CONTROL_01.20\EVAPORATIONTANK_CONTROL_01\DEBUG\EVAPORATIONTANK_CONTROL_01.OBJ
D:\SALTONSEA\CODE\EVAPORATIONTANK_CONTROL_01.20\EVAPORATIONTANK_CONTROL_01\DEBUG\EVAPORATIONTANK_CONTROL_01.PCH
D:\SALTONSEA\CODE\EVAPORATIONTANK_CONTROL_01.20\EVAPORATIONTANK_CONTROL_01\DEBUG\EVAPORATIONTANK_CONTROL_01.RES
D:\SALTONSEA\CODE\EVAPORATIONTANK_CONTROL_01.20\EVAPORATIONTANK_CONTROL_01\DEBUG\EVAPORATIONTANKA.OBJ
D:\SALTONSEA\CODE\EVAPORATIONTANK_CONTROL_01.20\EVAPORATIONTANK_CONTROL_01\DEBUG\EVAPORATIONTANKB.OBJ
D:\SALTONSEA\CODE\EVAPORATIONTANK_CONTROL_01.20\EVAPORATIONTANK_CONTROL_01\DEBUG\LEVELSENSOR.OBJ
D:\SALTONSEA\CODE\EVAPORATIONTANK_CONTROL_01.20\EVAPORATIONTANK_CONTROL_01\DEBUG\LEVELSWITCH.OBJ
D:\SALTONSEA\CODE\EVAPORATIONTANK_CONTROL_01.20\EVAPORATIONTANK_CONTROL_01\DEBUG\LIQUIDTANK.OBJ
D:\SALTONSEA\CODE\EVAPORATIONTANK_CONTROL_01.20\EVAPORATIONTANK_CONTROL_01\DEBUG\LOGDATA.OBJ
D:\SALTONSEA\CODE\EVAPORATIONTANK_CONTROL_01.20\EVAPORATIONTANK_CONTROL_01\DEBUG\LOGFILEOUTPUT.OBJ
D:\SALTONSEA\CODE\EVAPORATIONTANK_CONTROL_01.20\EVAPORATIONTANK_CONTROL_01\DEBUG\MATHUTILITIES.OBJ
D:\SALTONSEA\CODE\EVAPORATIONTANK_CONTROL_01.20\EVAPORATIONTANK_CONTROL_01\DEBUG\METERINGPUMP.OBJ
D:\SALTONSEA\CODE\EVAPORATIONTANK_CONTROL_01.20\EVAPORATIONTANK_CONTROL_01\DEBUG\PROCESSERRORS.OBJ
D:\SALTONSEA\CODE\EVAPORATIONTANK_CONTROL_01.20\EVAPORATIONTANK_CONTROL_01\DEBUG\PROGRAMEXCEPTION.OBJ
D:\SALTONSEA\CODE\EVAPORATIONTANK_CONTROL_01.20\EVAPORATIONTANK_CONTROL_01\DEBUG\PROGRAMEXCEPTIONS.OBJ
D:\SALTONSEA\CODE\EVAPORATIONTANK_CONTROL_01.20\EVAPORATIONTANK_CONTROL_01\DEBUG\PUMPLOGFILEOUTPUT.OBJ
D:\SALTONSEA\CODE\EVAPORATIONTANK_CONTROL_01.20\EVAPORATIONTANK_CONTROL_01\DEBUG\PYRANOMETER.OBJ
D:\SALTONSEA\CODE\EVAPORATIONTANK_CONTROL_01.20\EVAPORATIONTANK_CONTROL_01\DEBUG\SENSOR.OBJ
D:\SALTONSEA\CODE\EVAPORATIONTANK_CONTROL_01.20\EVAPORATIONTANK_CONTROL_01\DEBUG\STDAFX.OBJ
D:\SALTONSEA\CODE\EVAPORATIONTANK_CONTROL_01.20\EVAPORATIONTANK_CONTROL_01\DEBUG\SYSTEMTIME.OBJ
D:\SALTONSEA\CODE\EVAPORATIONTANK_CONTROL_01.20\EVAPORATIONTANK_CONTROL_01\DEBUG\TANKFILLLOGFILEOUTPUT.OBJ
D:\SALTONSEA\CODE\EVAPORATIONTANK_CONTROL_01.20\EVAPORATIONTANK_CONTROL_01\DEBUG\TEMPERATUREPROBE.OBJ
D:\SALTONSEA\CODE\EVAPORATIONTANK_CONTROL_01.20\EVAPORATIONTANK_CONTROL_01\DEBUG\VC100.PDB
D:\SALTONSEA\CODE\EVAPORATIONTANK_CONTROL_01.21\DEBUG\EVAPORATIONTANK_CONTROL_01.EXE
D:\SALTONSEA\CODE\EVAPORATIONTANK_CONTROL_01.21\DEBUG\EVAPORATIONTANK_CONTROL_01.ILK
D:\SALTONSEA\CODE\EVAPORATIONTANK_CONTROL_01.21\DEBUG\EVAPORATIONTANK_CONTROL_01.PDB
D:\SALTONSEA\CODE\EVAPORATIONTANK_CONTROL_01.21\EVAPORATIONTANK_CONTROL_01\DEBUG\ANALOGINPUT.OBJ
D:\SALTONSEA\CODE\EVAPORATIONTANK_CONTROL_01.21\EVAPORATIONTANK_CONTROL_01\DEBUG\ANALOGOUTPUT.OBJ
D:\SALTONSEA\CODE\EVAPORATIONTANK_CONTROL_01.21\EVAPORATIONTANK_CONTROL_01\DEBUG\ANALOGSENSOR.OBJ
D:\SALTONSEA\CODE\EVAPORATIONTANK_CONTROL_01.21\EVAPORATIONTANK_CONTROL_01\DEBUG\BINARYINPUT.OBJ
D:\SALTONSEA\CODE\EVAPORATIONTANK_CONTROL_01.21\EVAPORATIONTANK_CONTROL_01\DEBUG\BINARYOUTPUT.OBJ
D:\SALTONSEA\CODE\EVAPORATIONTANK_CONTROL_01.21\EVAPORATIONTANK_CONTROL_01\DEBUG\BINARYSENSOR.OBJ
D:\SALTONSEA\CODE\EVAPORATIONTANK_CONTROL_01.21\EVAPORATIONTANK_CONTROL_01\DEBUG\DAQDEVICE.OBJ
D:\SALTONSEA\CODE\EVAPORATIONTANK_CONTROL_01.21\EVAPORATIONTANK_CONTROL_01\DEBUG\DAQROUTINES.OBJ
D:\SALTONSEA\CODE\EVAPORATIONTANK_CONTROL_01.21\EVAPORATIONTANK_CONTROL_01\DEBUG\DBK15.OBJ
D:\SALTONSEA\CODE\EVAPORATIONTANK_CONTROL_01.21\EVAPORATIONTANK_CONTROL_01\DEBUG\DBK23.OBJ
D:\SALTONSEA\CODE\EVAPORATIONTANK_CONTROL_01.21\EVAPORATIONTANK_CONTROL_01\DEBUG\DBK5.OBJ
D:\SALTONSEA\CODE\EVAPORATIONTANK_CONTROL_01.21\EVAPORATIONTANK_CONTROL_01\DEBUG\DISTILLATESUPPLYTANK.OBJ
D:\SALTONSEA\CODE\EVAPORATIONTANK_CONTROL_01.21\EVAPORATIONTANK_CONTROL_01\DEBUG\EVAPORATIONTANK_CONTROL_01.EXE.EMBED.MANIFEST.RES
D:\SALTONSEA\CODE\EVAPORATIONTANK_CONTROL_01.21\EVAPORATIONTANK_CONTROL_01\DEBUG\EVAPORATIONTANK_CONTROL_01.EXE.INTERMEDIATE.MANIFEST
D:\SALTONSEA\CODE\EVAPORATIONTANK_CONTROL_01.21\EVAPORATIONTANK_CONTROL_01\DEBUG\EVAPORATIONTANK_CONTROL_01.OBJ
D:\SALTONSEA\CODE\EVAPORATIONTANK_CONTROL_01.21\EVAPORATIONTANK_CONTROL_01\DEBUG\EVAPORATIONTANK_CONTROL_01.PCH
D:\SALTONSEA\CODE\EVAPORATIONTANK_CONTROL_01.21\EVAPORATIONTANK_CONTROL_01\DEBUG\EVAPORATIONTANK_CONTROL_01.RES
D:\SALTONSEA\CODE\EVAPORATIONTANK_CONTROL_01.21\EVAPORATIONTANK_CONTROL_01\DEBUG\EVAPORATIONTANKA.OBJ
D:\SALTONSEA\CODE\EVAPORATIONTANK_CONTROL_01.21\EVAPORATIONTANK_CONTROL_01\DEBUG\EVAPORATIONTANKB.OBJ
D:\SALTONSEA\CODE\EVAPORATIONTANK_CONTROL_01.21\EVAPORATIONTANK_CONTROL_01\DEBUG\LEVELSENSOR.OBJ
D:\SALTONSEA\CODE\EVAPORATIONTANK_CONTROL_01.21\EVAPORATIONTANK_CONTROL_01\DEBUG\LEVELSWITCH.OBJ
D:\SALTONSEA\CODE\EVAPORATIONTANK_CONTROL_01.21\EVAPORATIONTANK_CONTROL_01\DEBUG\LIQUIDTANK.OBJ
D:\SALTONSEA\CODE\EVAPORATIONTANK_CONTROL_01.21\EVAPORATIONTANK_CONTROL_01\DEBUG\LOGDATA.OBJ
D:\SALTONSEA\CODE\EVAPORATIONTANK_CONTROL_01.21\EVAPORATIONTANK_CONTROL_01\DEBUG\LOGFILEOUTPUT.OBJ
D:\SALTONSEA\CODE\EVAPORATIONTANK_CONTROL_01.21\EVAPORATIONTANK_CONTROL_01\DEBUG\MATHUTILITIES.OBJ
D:\SALTONSEA\CODE\EVAPORATIONTANK_CONTROL_01.21\EVAPORATIONTANK_CONTROL_01\DEBUG\METERINGPUMP.OBJ
D:\SALTONSEA\CODE\EVAPORATIONTANK_CONTROL_01.21\EVAPORATIONTANK_CONTROL_01\DEBUG\PROCESSERRORS.OBJ
D:\SALTONSEA\CODE\EVAPORATIONTANK_CONTROL_01.21\EVAPORATIONTANK_CONTROL_01\DEBUG\PROGRAMEXCEPTION.OBJ
D:\SALTONSEA\CODE\EVAPORATIONTANK_CONTROL_01.21\EVAPORATIONTANK_CONTROL_01\DEBUG\PROGRAMEXCEPTIONS.OBJ
D:\SALTONSEA\CODE\EVAPORATIONTANK_CONTROL_01.21\EVAPORATIONTANK_CONTROL_01\DEBUG\PUMPLOGFILEOUTPUT.OBJ
D:\SALTONSEA\CODE\EVAPORATIONTANK_CONTROL_01.21\EVAPORATIONTANK_CONTROL_01\DEBUG\PYRANOMETER.OBJ
D:\SALTONSEA\CODE\EVAPORATIONTANK_CONTROL_01.21\EVAPORATIONTANK_CONTROL_01\DEBUG\SENSOR.OBJ
D:\SALTONSEA\CODE\EVAPORATIONTANK_CONTROL_01.21\EVAPORATIONTANK_CONTROL_01\DEBUG\STDAFX.OBJ
D:\SALTONSEA\CODE\EVAPORATIONTANK_CONTROL_01.21\EVAPORATIONTANK_CONTROL_01\DEBUG\SYSTEMTIME.OBJ
D:\SALTONSEA\CODE\EVAPORATIONTANK_CONTROL_01.21\EVAPORATIONTANK_CONTROL_01\DEBUG\TANKFILLLOGFILEOUTPUT.OBJ
D:\SALTONSEA\CODE\EVAPORATIONTANK_CONTROL_01.21\EVAPORATIONTANK_CONTROL_01\DEBUG\TEMPERATUREPROBE.OBJ
D:\SALTONSEA\CODE\EVAPORATIONTANK_CONTROL_01.21\EVAPORATIONTANK_CONTROL_01\DEBUG\VC100.PDB
D:\SALTONSEA\CODE\EVAPORATIONTANK_CONTROL_01.22\DEBUG\EVAPORATIONTANK_CONTROL_01.EXE
D:\SALTONSEA\CODE\EVAPORATIONTANK_CONTROL_01.22\DEBUG\EVAPORATIONTANK_CONTROL_01.ILK
D:\SALTONSEA\CODE\EVAPORATIONTANK_CONTROL_01.22\DEBUG\EVAPORATIONTANK_CONTROL_01.PDB
D:\SALTONSEA\CODE\EVAPORATIONTANK_CONTROL_01.22\EVAPORATIONTANK_CONTROL_01\DEBUG\ANALOGINPUT.OBJ
D:\SALTONSEA\CODE\EVAPORATIONTANK_CONTROL_01.22\EVAPORATIONTANK_CONTROL_01\DEBUG\ANALOGOUTPUT.OBJ
D:\SALTONSEA\CODE\EVAPORATIONTANK_CONTROL_01.22\EVAPORATIONTANK_CONTROL_01\DEBUG\ANALOGSENSOR.OBJ
D:\SALTONSEA\CODE\EVAPORATIONTANK_CONTROL_01.22\EVAPORATIONTANK_CONTROL_01\DEBUG\BINARYINPUT.OBJ
D:\SALTONSEA\CODE\EVAPORATIONTANK_CONTROL_01.22\EVAPORATIONTANK_CONTROL_01\DEBUG\BINARYOUTPUT.OBJ
D:\SALTONSEA\CODE\EVAPORATIONTANK_CONTROL_01.22\EVAPORATIONTANK_CONTROL_01\DEBUG\BINARYSENSOR.OBJ
D:\SALTONSEA\CODE\EVAPORATIONTANK_CONTROL_01.22\EVAPORATIONTANK_CONTROL_01\DEBUG\DAQDEVICE.OBJ
D:\SALTONSEA\CODE\EVAPORATIONTANK_CONTROL_01.22\EVAPORATIONTANK_CONTROL_01\DEBUG\DAQROUTINES.OBJ
D:\SALTONSEA\CODE\EVAPORATIONTANK_CONTROL_01.22\EVAPORATIONTANK_CONTROL_01\DEBUG\DBK15.OBJ
D:\SALTONSEA\CODE\EVAPORATIONTANK_CONTROL_01.22\EVAPORATIONTANK_CONTROL_01\DEBUG\DBK23.OBJ
D:\SALTONSEA\CODE\EVAPORATIONTANK_CONTROL_01.22\EVAPORATIONTANK_CONTROL_01\DEBUG\DBK5.OBJ
D:\SALTONSEA\CODE\EVAPORATIONTANK_CONTROL_01.22\EVAPORATIONTANK_CONTROL_01\DEBUG\DISTILLATESUPPLYTANK.OBJ
D:\SALTONSEA\CODE\EVAPORATIONTANK_CONTROL_01.22\EVAPORATIONTANK_CONTROL_01\DEBUG\EVAPORATIONTANK_CONTROL_01.EXE.EMBED.MANIFEST.RES
D:\SALTONSEA\CODE\EVAPORATIONTANK_CONTROL_01.22\EVAPORATIONTANK_CONTROL_01\DEBUG\EVAPORATIONTANK_CONTROL_01.EXE.INTERMEDIATE.MANIFEST
D:\SALTONSEA\CODE\EVAPORATIONTANK_CONTROL_01.22\EVAPORATIONTANK_CONTROL_01\DEBUG\EVAPORATIONTANK_CONTROL_01.OBJ
D:\SALTONSEA\CODE\EVAPORATIONTANK_CONTROL_01.22\EVAPORATIONTANK_CONTROL_01\DEBUG\EVAPORATIONTANK_CONTROL_01.PCH
D:\SALTONSEA\CODE\EVAPORATIONTANK_CONTROL_01.22\EVAPORATIONTANK_CONTROL_01\DEBUG\EVAPORATIONTANK_CONTROL_01.RES
D:\SALTONSEA\CODE\EVAPORATIONTANK_CONTROL_01.22\EVAPORATIONTANK_CONTROL_01\DEBUG\EVAPORATIONTANKA.OBJ
D:\SALTONSEA\CODE\EVAPORATIONTANK_CONTROL_01.22\EVAPORATIONTANK_CONTROL_01\DEBUG\EVAPORATIONTANKB.OBJ
D:\SALTONSEA\CODE\EVAPORATIONTANK_CONTROL_01.22\EVAPORATIONTANK_CONTROL_01\DEBUG\LEVELSENSOR.OBJ
D:\SALTONSEA\CODE\EVAPORATIONTANK_CONTROL_01.22\EVAPORATIONTANK_CONTROL_01\DEBUG\LEVELSWITCH.OBJ
D:\SALTONSEA\CODE\EVAPORATIONTANK_CONTROL_01.22\EVAPORATIONTANK_CONTROL_01\DEBUG\LIQUIDTANK.OBJ
D:\SALTONSEA\CODE\EVAPORATIONTANK_CONTROL_01.22\EVAPORATIONTANK_CONTROL_01\DEBUG\LOGDATA.OBJ
D:\SALTONSEA\CODE\EVAPORATIONTANK_CONTROL_01.22\EVAPORATIONTANK_CONTROL_01\DEBUG\LOGFILEOUTPUT.OBJ
D:\SALTONSEA\CODE\EVAPORATIONTANK_CONTROL_01.22\EVAPORATIONTANK_CONTROL_01\DEBUG\MATHUTILITIES.OBJ
D:\SALTONSEA\CODE\EVAPORATIONTANK_CONTROL_01.22\EVAPORATIONTANK_CONTROL_01\DEBUG\METERINGPUMP.OBJ
D:\SALTONSEA\CODE\EVAPORATIONTANK_CONTROL_01.22\EVAPORATIONTANK_CONTROL_01\DEBUG\PROCESSERRORS.OBJ
D:\SALTONSEA\CODE\EVAPORATIONTANK_CONTROL_01.22\EVAPORATIONTANK_CONTROL_01\DEBUG\PROGRAMEXCEPTION.OBJ
D:\SALTONSEA\CODE\EVAPORATIONTANK_CONTROL_01.22\EVAPORATIONTANK_CONTROL_01\DEBUG\PROGRAMEXCEPTIONS.OBJ
D:\SALTONSEA\CODE\EVAPORATIONTANK_CONTROL_01.22\EVAPORATIONTANK_CONTROL_01\DEBUG\PUMPLOGFILEOUTPUT.OBJ
D:\SALTONSEA\CODE\EVAPORATIONTANK_CONTROL_01.22\EVAPORATIONTANK_CONTROL_01\DEBUG\PYRANOMETER.OBJ
D:\SALTONSEA\CODE\EVAPORATIONTANK_CONTROL_01.22\EVAPORATIONTANK_CONTROL_01\DEBUG\SENSOR.OBJ
D:\SALTONSEA\CODE\EVAPORATIONTANK_CONTROL_01.22\EVAPORATIONTANK_CONTROL_01\DEBUG\STDAFX.OBJ
D:\SALTONSEA\CODE\EVAPORATIONTANK_CONTROL_01.22\EVAPORATIONTANK_CONTROL_01\DEBUG\SYSTEMTIME.OBJ
D:\SALTONSEA\CODE\EVAPORATIONTANK_CONTROL_01.22\EVAPORATIONTANK_CONTROL_01\DEBUG\TANKFILLLOGFILEOUTPUT.OBJ
D:\SALTONSEA\CODE\EVAPORATIONTANK_CONTROL_01.22\EVAPORATIONTANK_CONTROL_01\DEBUG\TEMPERATUREPROBE.OBJ
D:\SALTONSEA\CODE\EVAPORATIONTANK_CONTROL_01.22\EVAPORATIONTANK_CONTROL_01\DEBUG\VC100.PDB
D:\SALTONSEA\CODE\EVAPORATIONTANK_CONTROL_01.23\DEBUG\EVAPORATIONTANK_CONTROL_01.EXE
D:\SALTONSEA\CODE\EVAPORATIONTANK_CONTROL_01.23\DEBUG\EVAPORATIONTANK_CONTROL_01.ILK
D:\SALTONSEA\CODE\EVAPORATIONTANK_CONTROL_01.23\DEBUG\EVAPORATIONTANK_CONTROL_01.PDB
D:\SALTONSEA\CODE\EVAPORATIONTANK_CONTROL_01.23\EVAPORATIONTANK_CONTROL_01\DEBUG\ANALOGINPUT.OBJ
D:\SALTONSEA\CODE\EVAPORATIONTANK_CONTROL_01.23\EVAPORATIONTANK_CONTROL_01\DEBUG\ANALOGOUTPUT.OBJ
D:\SALTONSEA\CODE\EVAPORATIONTANK_CONTROL_01.23\EVAPORATIONTANK_CONTROL_01\DEBUG\ANALOGSENSOR.OBJ
D:\SALTONSEA\CODE\EVAPORATIONTANK_CONTROL_01.23\EVAPORATIONTANK_CONTROL_01\DEBUG\BINARYINPUT.OBJ
D:\SALTONSEA\CODE\EVAPORATIONTANK_CONTROL_01.23\EVAPORATIONTANK_CONTROL_01\DEBUG\BINARYOUTPUT.OBJ
D:\SALTONSEA\CODE\EVAPORATIONTANK_CONTROL_01.23\EVAPORATIONTANK_CONTROL_01\DEBUG\BINARYSENSOR.OBJ
D:\SALTONSEA\CODE\EVAPORATIONTANK_CONTROL_01.23\EVAPORATIONTANK_CONTROL_01\DEBUG\DAQDEVICE.OBJ
D:\SALTONSEA\CODE\EVAPORATIONTANK_CONTROL_01.23\EVAPORATIONTANK_CONTROL_01\DEBUG\DAQROUTINES.OBJ
D:\SALTONSEA\CODE\EVAPORATIONTANK_CONTROL_01.23\EVAPORATIONTANK_CONTROL_01\DEBUG\DBK15.OBJ
D:\SALTONSEA\CODE\EVAPORATIONTANK_CONTROL_01.23\EVAPORATIONTANK_CONTROL_01\DEBUG\DBK23.OBJ
D:\SALTONSEA\CODE\EVAPORATIONTANK_CONTROL_01.23\EVAPORATIONTANK_CONTROL_01\DEBUG\DBK5.OBJ
D:\SALTONSEA\CODE\EVAPORATIONTANK_CONTROL_01.23\EVAPORATIONTANK_CONTROL_01\DEBUG\DISTILLATESUPPLYTANK.OBJ
D:\SALTONSEA\CODE\EVAPORATIONTANK_CONTROL_01.23\EVAPORATIONTANK_CONTROL_01\DEBUG\EVAPORATIONTANK_CONTROL_01.EXE.EMBED.MANIFEST.RES
D:\SALTONSEA\CODE\EVAPORATIONTANK_CONTROL_01.23\EVAPORATIONTANK_CONTROL_01\DEBUG\EVAPORATIONTANK_CONTROL_01.EXE.INTERMEDIATE.MANIFEST
D:\SALTONSEA\CODE\EVAPORATIONTANK_CONTROL_01.23\EVAPORATIONTANK_CONTROL_01\DEBUG\EVAPORATIONTANK_CONTROL_01.OBJ
D:\SALTONSEA\CODE\EVAPORATIONTANK_CONTROL_01.23\EVAPORATIONTANK_CONTROL_01\DEBUG\EVAPORATIONTANK_CONTROL_01.PCH
D:\SALTONSEA\CODE\EVAPORATIONTANK_CONTROL_01.23\EVAPORATIONTANK_CONTROL_01\DEBUG\EVAPORATIONTANK_CONTROL_01.RES
D:\SALTONSEA\CODE\EVAPORATIONTANK_CONTROL_01.23\EVAPORATIONTANK_CONTROL_01\DEBUG\EVAPORATIONTANKA.OBJ
D:\SALTONSEA\CODE\EVAPORATIONTANK_CONTROL_01.23\EVAPORATIONTANK_CONTROL_01\DEBUG\EVAPORATIONTANKB.OBJ
D:\SALTONSEA\CODE\EVAPORATIONTANK_CONTROL_01.23\EVAPORATIONTANK_CONTROL_01\DEBUG\LEVELSENSOR.OBJ
D:\SALTONSEA\CODE\EVAPORATIONTANK_CONTROL_01.23\EVAPORATIONTANK_CONTROL_01\DEBUG\LEVELSWITCH.OBJ
D:\SALTONSEA\CODE\EVAPORATIONTANK_CONTROL_01.23\EVAPORATIONTANK_CONTROL_01\DEBUG\LIQUIDTANK.OBJ
D:\SALTONSEA\CODE\EVAPORATIONTANK_CONTROL_01.23\EVAPORATIONTANK_CONTROL_01\DEBUG\LOGDATA.OBJ
D:\SALTONSEA\CODE\EVAPORATIONTANK_CONTROL_01.23\EVAPORATIONTANK_CONTROL_01\DEBUG\LOGFILEOUTPUT.OBJ
D:\SALTONSEA\CODE\EVAPORATIONTANK_CONTROL_01.23\EVAPORATIONTANK_CONTROL_01\DEBUG\MATHUTILITIES.OBJ
D:\SALTONSEA\CODE\EVAPORATIONTANK_CONTROL_01.23\EVAPORATIONTANK_CONTROL_01\DEBUG\METERINGPUMP.OBJ
D:\SALTONSEA\CODE\EVAPORATIONTANK_CONTROL_01.23\EVAPORATIONTANK_CONTROL_01\DEBUG\PROCESSERRORS.OBJ
D:\SALTONSEA\CODE\EVAPORATIONTANK_CONTROL_01.23\EVAPORATIONTANK_CONTROL_01\DEBUG\PROGRAMEXCEPTION.OBJ
D:\SALTONSEA\CODE\EVAPORATIONTANK_CONTROL_01.23\EVAPORATIONTANK_CONTROL_01\DEBUG\PROGRAMEXCEPTIONS.OBJ
D:\SALTONSEA\CODE\EVAPORATIONTANK_CONTROL_01.23\EVAPORATIONTANK_CONTROL_01\DEBUG\PUMPLOGFILEOUTPUT.OBJ
D:\SALTONSEA\CODE\EVAPORATIONTANK_CONTROL_01.23\EVAPORATIONTANK_CONTROL_01\DEBUG\PYRANOMETER.OBJ
D:\SALTONSEA\CODE\EVAPORATIONTANK_CONTROL_01.23\EVAPORATIONTANK_CONTROL_01\DEBUG\SENSOR.OBJ
D:\SALTONSEA\CODE\EVAPORATIONTANK_CONTROL_01.23\EVAPORATIONTANK_CONTROL_01\DEBUG\STDAFX.OBJ
D:\SALTONSEA\CODE\EVAPORATIONTANK_CONTROL_01.23\EVAPORATIONTANK_CONTROL_01\DEBUG\SYSTEMTIME.OBJ
D:\SALTONSEA\CODE\EVAPORATIONTANK_CONTROL_01.23\EVAPORATIONTANK_CONTROL_01\DEBUG\TANKFILLLOGFILEOUTPUT.OBJ
D:\SALTONSEA\CODE\EVAPORATIONTANK_CONTROL_01.23\EVAPORATIONTANK_CONTROL_01\DEBUG\TEMPERATUREPROBE.OBJ
D:\SALTONSEA\CODE\EVAPORATIONTANK_CONTROL_01.23\EVAPORATIONTANK_CONTROL_01\DEBUG\VC100.PDB
D:\SALTONSEA\CODE\EVAPORATIONTANK_CONTROL_01.24\DEBUG\EVAPORATIONTANK_CONTROL_01.EXE
D:\SALTONSEA\CODE\EVAPORATIONTANK_CONTROL_01.24\DEBUG\EVAPORATIONTANK_CONTROL_01.ILK
D:\SALTONSEA\CODE\EVAPORATIONTANK_CONTROL_01.24\DEBUG\EVAPORATIONTANK_CONTROL_01.PDB
D:\SALTONSEA\CODE\EVAPORATIONTANK_CONTROL_01.24\EVAPORATIONTANK_CONTROL_01\DEBUG\ANALOGINPUT.OBJ
D:\SALTONSEA\CODE\EVAPORATIONTANK_CONTROL_01.24\EVAPORATIONTANK_CONTROL_01\DEBUG\ANALOGOUTPUT.OBJ
D:\SALTONSEA\CODE\EVAPORATIONTANK_CONTROL_01.24\EVAPORATIONTANK_CONTROL_01\DEBUG\ANALOGSENSOR.OBJ
D:\SALTONSEA\CODE\EVAPORATIONTANK_CONTROL_01.24\EVAPORATIONTANK_CONTROL_01\DEBUG\BINARYINPUT.OBJ
D:\SALTONSEA\CODE\EVAPORATIONTANK_CONTROL_01.24\EVAPORATIONTANK_CONTROL_01\DEBUG\BINARYOUTPUT.OBJ
D:\SALTONSEA\CODE\EVAPORATIONTANK_CONTROL_01.24\EVAPORATIONTANK_CONTROL_01\DEBUG\BINARYSENSOR.OBJ
D:\SaltonSea\Code\EvaporationTank_Control_01.24\EvaporationTank_Control_01\Debug\cl.command.1.tlog
D:\SaltonSea\Code\EvaporationTank_Control_01.24\EvaporationTank_Control_01\Debug\CL.read.1.tlog
D:\SaltonSea\Code\EvaporationTank_Control_01.24\EvaporationTank_Control_01\Debug\CL.write.1.tlog
D:\SALTONSEA\CODE\EVAPORATIONTANK_CONTROL_01.24\EVAPORATIONTANK_CONTROL_01\DEBUG\DAQDEVICE.OBJ
D:\SALTONSEA\CODE\EVAPORATIONTANK_CONTROL_01.24\EVAPORATIONTANK_CONTROL_01\DEBUG\DAQROUTINES.OBJ
D:\SALTONSEA\CODE\EVAPORATIONTANK_CONTROL_01.24\EVAPORATIONTANK_CONTROL_01\DEBUG\DBK15.OBJ
D:\SALTONSEA\CODE\EVAPORATIONTANK_CONTROL_01.24\EVAPORATIONTANK_CONTROL_01\DEBUG\DBK23.OBJ
D:\SALTONSEA\CODE\EVAPORATIONTANK_CONTROL_01.24\EVAPORATIONTANK_CONTROL_01\DEBUG\DBK5.OBJ
D:\SALTONSEA\CODE\EVAPORATIONTANK_CONTROL_01.24\EVAPORATIONTANK_CONTROL_01\DEBUG\DISTILLATESUPPLYTANK.OBJ
D:\SALTONSEA\CODE\EVAPORATIONTANK_CONTROL_01.24\EVAPORATIONTANK_CONTROL_01\DEBUG\EVAPORATIONTANK_CONTROL_01.EXE.EMBED.MANIFEST
D:\SALTONSEA\CODE\EVAPORATIONTANK_CONTROL_01.24\EVAPORATIONTANK_CONTROL_01\DEBUG\EVAPORATIONTANK_CONTROL_01.EXE.EMBED.MANIFEST.RES
D:\SALTONSEA\CODE\EVAPORATIONTANK_CONTROL_01.24\EVAPORATIONTANK_CONTROL_01\DEBUG\EVAPORATIONTANK_CONTROL_01.EXE.INTERMEDIATE.MANIFEST
D:\SALTONSEA\CODE\EVAPORATIONTANK_CONTROL_01.24\EVAPORATIONTANK_CONTROL_01\DEBUG\EVAPORATIONTANK_CONTROL_01.OBJ
D:\SALTONSEA\CODE\EVAPORATIONTANK_CONTROL_01.24\EVAPORATIONTANK_CONTROL_01\DEBUG\EVAPORATIONTANK_CONTROL_01.PCH
D:\SALTONSEA\CODE\EVAPORATIONTANK_CONTROL_01.24\EVAPORATIONTANK_CONTROL_01\DEBUG\EVAPORATIONTANK_CONTROL_01.RES
D:\SaltonSea\Code\EvaporationTank_Control_01.24\EvaporationTank_Control_01\Debug\EvaporationTank_Control_01.vcxprojResolveAssemblyReference.cache
D:\SaltonSea\Code\EvaporationTank_Control_01.24\EvaporationTank_Control_01\Debug\EvaporationTank_Control_01.write.1.tlog
D:\SaltonSea\Code\EvaporationTank_Control_01.24\EvaporationTank_Control_01\Debug\EvaporationTank_Control_01_manifest.rc
D:\SALTONSEA\CODE\EVAPORATIONTANK_CONTROL_01.24\EVAPORATIONTANK_CONTROL_01\DEBUG\EVAPORATIONTANKA.OBJ
D:\SALTONSEA\CODE\EVAPORATIONTANK_CONTROL_01.24\EVAPORATIONTANK_CONTROL_01\DEBUG\EVAPORATIONTANKB.OBJ
D:\SALTONSEA\CODE\EVAPORATIONTANK_CONTROL_01.24\EVAPORATIONTANK_CONTROL_01\DEBUG\LEVELSENSOR.OBJ
D:\SALTONSEA\CODE\EVAPORATIONTANK_CONTROL_01.24\EVAPORATIONTANK_CONTROL_01\DEBUG\LEVELSWITCH.OBJ
D:\SaltonSea\Code\EvaporationTank_Control_01.24\EvaporationTank_Control_01\Debug\link.1052.read.1.tlog
D:\SaltonSea\Code\EvaporationTank_Control_01.24\EvaporationTank_Control_01\Debug\link.1052.write.1.tlog
D:\SaltonSea\Code\EvaporationTank_Control_01.24\EvaporationTank_Control_01\Debug\link.1052-cvtres.read.1.tlog
D:\SaltonSea\Code\EvaporationTank_Control_01.24\EvaporationTank_Control_01\Debug\link.1052-cvtres.write.1.tlog
D:\SaltonSea\Code\EvaporationTank_Control_01.24\EvaporationTank_Control_01\Debug\link.2368.read.1.tlog
D:\SaltonSea\Code\EvaporationTank_Control_01.24\EvaporationTank_Control_01\Debug\link.2368.write.1.tlog
D:\SaltonSea\Code\EvaporationTank_Control_01.24\EvaporationTank_Control_01\Debug\link.2368-cvtres.read.1.tlog
D:\SaltonSea\Code\EvaporationTank_Control_01.24\EvaporationTank_Control_01\Debug\link.2368-cvtres.write.1.tlog
D:\SaltonSea\Code\EvaporationTank_Control_01.24\EvaporationTank_Control_01\Debug\link.2912.read.1.tlog
D:\SaltonSea\Code\EvaporationTank_Control_01.24\EvaporationTank_Control_01\Debug\link.2912.write.1.tlog
D:\SaltonSea\Code\EvaporationTank_Control_01.24\EvaporationTank_Control_01\Debug\link.2912-cvtres.read.1.tlog
D:\SaltonSea\Code\EvaporationTank_Control_01.24\EvaporationTank_Control_01\Debug\link.2912-cvtres.write.1.tlog
D:\SaltonSea\Code\EvaporationTank_Control_01.24\EvaporationTank_Control_01\Debug\link.3572.read.1.tlog
D:\SaltonSea\Code\EvaporationTank_Control_01.24\EvaporationTank_Control_01\Debug\link.3572.write.1.tlog
D:\SaltonSea\Code\EvaporationTank_Control_01.24\EvaporationTank_Control_01\Debug\link.3572-cvtres.read.1.tlog
D:\SaltonSea\Code\EvaporationTank_Control_01.24\EvaporationTank_Control_01\Debug\link.3572-cvtres.write.1.tlog
D:\SaltonSea\Code\EvaporationTank_Control_01.24\EvaporationTank_Control_01\Debug\link.3640.read.1.tlog
D:\SaltonSea\Code\EvaporationTank_Control_01.24\EvaporationTank_Control_01\Debug\link.3640.write.1.tlog
D:\SaltonSea\Code\EvaporationTank_Control_01.24\EvaporationTank_Control_01\Debug\link.3640-cvtres.read.1.tlog
D:\SaltonSea\Code\EvaporationTank_Control_01.24\EvaporationTank_Control_01\Debug\link.3640-cvtres.write.1.tlog
D:\SaltonSea\Code\EvaporationTank_Control_01.24\EvaporationTank_Control_01\Debug\link.5340.read.1.tlog
D:\SaltonSea\Code\EvaporationTank_Control_01.24\EvaporationTank_Control_01\Debug\link.5340.write.1.tlog
D:\SaltonSea\Code\EvaporationTank_Control_01.24\EvaporationTank_Control_01\Debug\link.5340-cvtres.read.1.tlog
D:\SaltonSea\Code\EvaporationTank_Control_01.24\EvaporationTank_Control_01\Debug\link.5340-cvtres.write.1.tlog
D:\SaltonSea\Code\EvaporationTank_Control_01.24\EvaporationTank_Control_01\Debug\link.556.read.1.tlog
D:\SaltonSea\Code\EvaporationTank_Control_01.24\EvaporationTank_Control_01\Debug\link.556.write.1.tlog
D:\SaltonSea\Code\EvaporationTank_Control_01.24\EvaporationTank_Control_01\Debug\link.556-cvtres.read.1.tlog
D:\SaltonSea\Code\EvaporationTank_Control_01.24\EvaporationTank_Control_01\Debug\link.556-cvtres.write.1.tlog
D:\SaltonSea\Code\EvaporationTank_Control_01.24\EvaporationTank_Control_01\Debug\link.6180.read.1.tlog
D:\SaltonSea\Code\EvaporationTank_Control_01.24\EvaporationTank_Control_01\Debug\link.6180.write.1.tlog
D:\SaltonSea\Code\EvaporationTank_Control_01.24\EvaporationTank_Control_01\Debug\link.6180-cvtres.read.1.tlog
D:\SaltonSea\Code\EvaporationTank_Control_01.24\EvaporationTank_Control_01\Debug\link.6180-cvtres.write.1.tlog
D:\SaltonSea\Code\EvaporationTank_Control_01.24\EvaporationTank_Control_01\Debug\link.7100.read.1.tlog
D:\SaltonSea\Code\EvaporationTank_Control_01.24\EvaporationTank_Control_01\Debug\link.7100.write.1.tlog
D:\SaltonSea\Code\EvaporationTank_Control_01.24\EvaporationTank_Control_01\Debug\link.7100-cvtres.read.1.tlog
D:\SaltonSea\Code\EvaporationTank_Control_01.24\EvaporationTank_Control_01\Debug\link.7100-cvtres.write.1.tlog
D:\SaltonSea\Code\EvaporationTank_Control_01.24\EvaporationTank_Control_01\Debug\link.7540.read.1.tlog
D:\SaltonSea\Code\EvaporationTank_Control_01.24\EvaporationTank_Control_01\Debug\link.7540.write.1.tlog
D:\SaltonSea\Code\EvaporationTank_Control_01.24\EvaporationTank_Control_01\Debug\link.7540-cvtres.read.1.tlog
D:\SaltonSea\Code\EvaporationTank_Control_01.24\EvaporationTank_Control_01\Debug\link.7540-cvtres.write.1.tlog
D:\SaltonSea\Code\EvaporationTank_Control_01.24\EvaporationTank_Control_01\Debug\link.7660.read.1.tlog
D:\SaltonSea\Code\EvaporationTank_Control_01.24\EvaporationTank_Control_01\Debug\link.7660.write.1.tlog
D:\SaltonSea\Code\EvaporationTank_Control_01.24\EvaporationTank_Control_01\Debug\link.7660-cvtres.read.1.tlog
D:\SaltonSea\Code\EvaporationTank_Control_01.24\EvaporationTank_Control_01\Debug\link.7660-cvtres.write.1.tlog
D:\SaltonSea\Code\EvaporationTank_Control_01.24\EvaporationTank_Control_01\Debug\link.792.read.1.tlog
D:\SaltonSea\Code\EvaporationTank_Control_01.24\EvaporationTank_Control_01\Debug\link.792.write.1.tlog
D:\SaltonSea\Code\EvaporationTank_Control_01.24\EvaporationTank_Control_01\Debug\link.792-cvtres.read.1.tlog
D:\SaltonSea\Code\EvaporationTank_Control_01.24\EvaporationTank_Control_01\Debug\link.792-cvtres.write.1.tlog
D:\SaltonSea\Code\EvaporationTank_Control_01.24\EvaporationTank_Control_01\Debug\link.8112.read.1.tlog
D:\SaltonSea\Code\EvaporationTank_Control_01.24\EvaporationTank_Control_01\Debug\link.8112.write.1.tlog
D:\SaltonSea\Code\EvaporationTank_Control_01.24\EvaporationTank_Control_01\Debug\link.8112-cvtres.read.1.tlog
D:\SaltonSea\Code\EvaporationTank_Control_01.24\EvaporationTank_Control_01\Debug\link.8112-cvtres.write.1.tlog
D:\SaltonSea\Code\EvaporationTank_Control_01.24\EvaporationTank_Control_01\Debug\link.8140.read.1.tlog
D:\SaltonSea\Code\EvaporationTank_Control_01.24\EvaporationTank_Control_01\Debug\link.8140.write.1.tlog
D:\SaltonSea\Code\EvaporationTank_Control_01.24\EvaporationTank_Control_01\Debug\link.8140-cvtres.read.1.tlog
D:\SaltonSea\Code\EvaporationTank_Control_01.24\EvaporationTank_Control_01\Debug\link.8140-cvtres.write.1.tlog
D:\SaltonSea\Code\EvaporationTank_Control_01.24\EvaporationTank_Control_01\Debug\link.8144.read.1.tlog
D:\SaltonSea\Code\EvaporationTank_Control_01.24\EvaporationTank_Control_01\Debug\link.8144.write.1.tlog
D:\SaltonSea\Code\EvaporationTank_Control_01.24\EvaporationTank_Control_01\Debug\link.8144-cvtres.read.1.tlog
D:\SaltonSea\Code\EvaporationTank_Control_01.24\EvaporationTank_Control_01\Debug\link.8144-cvtres.write.1.tlog
D:\SaltonSea\Code\EvaporationTank_Control_01.24\EvaporationTank_Control_01\Debug\link.command.1.tlog
D:\SaltonSea\Code\EvaporationTank_Control_01.24\EvaporationTank_Control_01\Debug\link.read.1.tlog
D:\SaltonSea\Code\EvaporationTank_Control_01.24\EvaporationTank_Control_01\Debug\link.write.1.tlog
D:\SaltonSea\Code\EvaporationTank_Control_01.24\EvaporationTank_Control_01\Debug\link-cvtres.read.1.tlog
D:\SaltonSea\Code\EvaporationTank_Control_01.24\EvaporationTank_Control_01\Debug\link-cvtres.write.1.tlog
D:\SALTONSEA\CODE\EVAPORATIONTANK_CONTROL_01.24\EVAPORATIONTANK_CONTROL_01\DEBUG\LIQUIDTANK.OBJ
D:\SALTONSEA\CODE\EVAPORATIONTANK_CONTROL_01.24\EVAPORATIONTANK_CONTROL_01\DEBUG\LOGDATA.OBJ
D:\SALTONSEA\CODE\EVAPORATIONTANK_CONTROL_01.24\EVAPORATIONTANK_CONTROL_01\DEBUG\LOGFILEOUTPUT.OBJ
D:\SALTONSEA\CODE\EVAPORATIONTANK_CONTROL_01.24\EVAPORATIONTANK_CONTROL_01\DEBUG\MATHUTILITIES.OBJ
D:\SALTONSEA\CODE\EVAPORATIONTANK_CONTROL_01.24\EVAPORATIONTANK_CONTROL_01\DEBUG\METERINGPUMP.OBJ
D:\SaltonSea\Code\EvaporationTank_Control_01.24\EvaporationTank_Control_01\Debug\mt.command.1.tlog
D:\SaltonSea\Code\EvaporationTank_Control_01.24\EvaporationTank_Control_01\Debug\mt.read.1.tlog
D:\SaltonSea\Code\EvaporationTank_Control_01.24\EvaporationTank_Control_01\Debug\mt.write.1.tlog
D:\SALTONSEA\CODE\EVAPORATIONTANK_CONTROL_01.24\EVAPORATIONTANK_CONTROL_01\DEBUG\PROCESSERRORS.OBJ
D:\SALTONSEA\CODE\EVAPORATIONTANK_CONTROL_01.24\EVAPORATIONTANK_CONTROL_01\DEBUG\PROGRAMEXCEPTION.OBJ
D:\SALTONSEA\CODE\EVAPORATIONTANK_CONTROL_01.24\EVAPORATIONTANK_CONTROL_01\DEBUG\PROGRAMEXCEPTIONS.OBJ
D:\SALTONSEA\CODE\EVAPORATIONTANK_CONTROL_01.24\EVAPORATIONTANK_CONTROL_01\DEBUG\PUMPLOGFILEOUTPUT.OBJ
D:\SALTONSEA\CODE\EVAPORATIONTANK_CONTROL_01.24\EVAPORATIONTANK_CONTROL_01\DEBUG\PYRANOMETER.OBJ
D:\SaltonSea\Code\EvaporationTank_Control_01.24\EvaporationTank_Control_01\Debug\rc.command.1.tlog
D:\SaltonSea\Code\EvaporationTank_Control_01.24\EvaporationTank_Control_01\Debug\rc.read.1.tlog
D:\SaltonSea\Code\EvaporationTank_Control_01.24\EvaporationTank_Control_01\Debug\rc.write.1.tlog
D:\SALTONSEA\CODE\EVAPORATIONTANK_CONTROL_01.24\EVAPORATIONTANK_CONTROL_01\DEBUG\SENSOR.OBJ
D:\SALTONSEA\CODE\EVAPORATIONTANK_CONTROL_01.24\EVAPORATIONTANK_CONTROL_01\DEBUG\STDAFX.OBJ
D:\SALTONSEA\CODE\EVAPORATIONTANK_CONTROL_01.24\EVAPORATIONTANK_CONTROL_01\DEBUG\SYSTEMTIME.OBJ
D:\SALTONSEA\CODE\EVAPORATIONTANK_CONTROL_01.24\EVAPORATIONTANK_CONTROL_01\DEBUG\TANKFILLLOGFILEOUTPUT.OBJ
D:\SALTONSEA\CODE\EVAPORATIONTANK_CONTROL_01.24\EVAPORATIONTANK_CONTROL_01\DEBUG\TEMPERATUREPROBE.OBJ
D:\SaltonSea\Code\EvaporationTank_Control_01.24\EvaporationTank_Control_01\Debug\vc100.idb
D:\SALTONSEA\CODE\EVAPORATIONTANK_CONTROL_01.24\EVAPORATIONTANK_CONTROL_01\DEBUG\VC100.PDB
